<?xml version="1.0" encoding="UTF-8"?>
<!-- Generated by org.testng.reporters.JUnitReportReporter -->
<testsuite hostname="LAPTOP-P01DG4LS" failures="0" tests="1" name="com.qa.gt.keyword.tests.LoginTest" time="52.133" errors="0" timestamp="2021-07-12T02:24:46 IST" skipped="0">
  <testcase classname="com.qa.gt.keyword.tests.LoginTest" name="loginTest" time="52.133"/>
  <system-out/>
</testsuite> <!-- com.qa.gt.keyword.tests.LoginTest -->
